Using pre-set license
Built from '2020.2/release' branch; Version is '2020.2.2f1 (068178b99f32) revision 426360'; Using compiler version '192528614'; Build Type 'Release'
OS: 'Windows 10 Pro; OS build 19045.6093; Version 2009; 64bit' Language: 'es' Physical Memory: 11516 MB
BatchMode: 1, IsHumanControllingUs: 0, StartBugReporterOnCrash: 0, Is64bit: 1, IsPro: 0

 COMMAND LINE ARGUMENTS:
C:\Program Files\Unity\Hub\Editor\2020.2.2f1\Editor\Unity.exe
-adb2
-batchMode
-noUpm
-name
AssetImportWorker0
-projectPath
C:/Users/Usuario/OneDrive/Escritorio/proyecto-1/FPS2
-logFile
Logs/AssetImportWorker0.log
-srvPort
54009
Successfully changed project path to: C:/Users/Usuario/OneDrive/Escritorio/proyecto-1/FPS2
C:/Users/Usuario/OneDrive/Escritorio/proyecto-1/FPS2
Using Asset Import Pipeline V2.
Refreshing native plugins compatible for Editor in 36.97 ms, found 0 plugins.
Preloading 0 native plugins for Editor in 0.00 ms.
Initialize engine version: 2020.2.2f1 (068178b99f32)
[Subsystems] Discovering subsystems at path C:/Program Files/Unity/Hub/Editor/2020.2.2f1/Editor/Data/Resources/UnitySubsystems
[Subsystems] Discovering subsystems at path C:/Users/Usuario/OneDrive/Escritorio/proyecto-1/FPS2/Assets
GfxDevice: creating device client; threaded=0
Direct3D:
    Version:  Direct3D 11.0 [level 11.1]
    Renderer: Intel(R) HD Graphics 4600 (ID=0x416)
    Vendor:   
    VRAM:     2048 MB
    Driver:   20.19.15.4531
Initialize mono
Mono path[0] = 'C:/Program Files/Unity/Hub/Editor/2020.2.2f1/Editor/Data/Managed'
Mono path[1] = 'C:/Program Files/Unity/Hub/Editor/2020.2.2f1/Editor/Data/MonoBleedingEdge/lib/mono/unityjit'
Mono config path = 'C:/Program Files/Unity/Hub/Editor/2020.2.2f1/Editor/Data/MonoBleedingEdge/etc'
Using monoOptions --debugger-agent=transport=dt_socket,embedding=1,server=y,suspend=n,address=127.0.0.1:56840
Begin MonoManager ReloadAssembly
Registering precompiled unity dll's ...
Register platform support module: C:/Program Files/Unity/Hub/Editor/2020.2.2f1/Editor/Data/PlaybackEngines/WebGLSupport/UnityEditor.WebGL.Extensions.dll
Register platform support module: C:/Program Files/Unity/Hub/Editor/2020.2.2f1/Editor/Data/PlaybackEngines/WindowsStandaloneSupport/UnityEditor.WindowsStandalone.Extensions.dll
Registered in 0.006861 seconds.
Native extension for WindowsStandalone target not found
Native extension for WebGL target not found
Refreshing native plugins compatible for Editor in 38.73 ms, found 0 plugins.
Preloading 0 native plugins for Editor in 0.00 ms.
Invoked RoslynAnalysisRunner static constructor.
RoslynAnalysisRunner will not be running.
RoslynAnalysisRunner has terminated.
Mono: successfully reloaded assembly
- Completed reload, in  2.296 seconds
Platform modules already initialized, skipping
Registering precompiled user dll's ...
Registered in 0.001751 seconds.
Begin MonoManager ReloadAssembly
Native extension for WindowsStandalone target not found
Native extension for WebGL target not found
Refreshing native plugins compatible for Editor in 0.29 ms, found 0 plugins.
Preloading 0 native plugins for Editor in 0.00 ms.
Invoked RoslynAnalysisRunner static constructor.
RoslynAnalysisRunner will not be running.
RoslynAnalysisRunner has terminated.
Mono: successfully reloaded assembly
- Completed reload, in  1.179 seconds
Platform modules already initialized, skipping
========================================================================
Worker process is ready to serve import requests
Launched and connected shader compiler UnityShaderCompiler.exe after 0.24 seconds
Refreshing native plugins compatible for Editor in 0.55 ms, found 0 plugins.
Preloading 0 native plugins for Editor in 0.00 ms.
Unloading 1111 Unused Serialized files (Serialized files now loaded: 0)
System memory in use before: 58.3 MB.
System memory in use after: 58.4 MB.

Unloading 9 unused Assets to reduce memory usage. Loaded Objects now: 1561.
Total: 2.276000 ms (FindLiveObjects: 0.256200 ms CreateObjectMapping: 0.075000 ms MarkObjects: 1.865300 ms  DeleteObjects: 0.077800 ms)

========================================================================
Received Import Request.
  path: Assets/fotos/pexels-pixabay-163347.jpg
  artifactKey: Guid(e7d80e6ba3bae8348ac8bdc03b553ac9) Importer(815301076,1909f56bfc062723c751e8b465ee728b)
Start importing Assets/fotos/pexels-pixabay-163347.jpg using Guid(e7d80e6ba3bae8348ac8bdc03b553ac9) Importer(815301076,1909f56bfc062723c751e8b465ee728b)  -> (artifact id: '49b1a3ce09f596006e5ebcf9ba3997f7') in 0.792338 seconds
  Import took 0.796803 seconds .

========================================================================
Received Import Request.
  Time since last request: 38.059195 seconds.
  path: Assets/fotos/pexels-pixabay-163347.jpg
  artifactKey: Guid(e7d80e6ba3bae8348ac8bdc03b553ac9) Importer(815301076,1909f56bfc062723c751e8b465ee728b)
Start importing Assets/fotos/pexels-pixabay-163347.jpg using Guid(e7d80e6ba3bae8348ac8bdc03b553ac9) Importer(815301076,1909f56bfc062723c751e8b465ee728b)  -> (artifact id: 'a0561c13b1ee61e0b1c294247101415d') in 0.203660 seconds
  Import took 0.213692 seconds .

========================================================================
Received Prepare
Registering precompiled user dll's ...
Registered in 0.001560 seconds.
Begin MonoManager ReloadAssembly
Native extension for WindowsStandalone target not found
Native extension for WebGL target not found
Refreshing native plugins compatible for Editor in 0.30 ms, found 0 plugins.
Preloading 0 native plugins for Editor in 0.00 ms.
Invoked RoslynAnalysisRunner static constructor.
RoslynAnalysisRunner will not be running.
RoslynAnalysisRunner has terminated.
Mono: successfully reloaded assembly
- Completed reload, in  1.324 seconds
Platform modules already initialized, skipping
Refreshing native plugins compatible for Editor in 0.49 ms, found 0 plugins.
Preloading 0 native plugins for Editor in 0.00 ms.
Unloading 1105 Unused Serialized files (Serialized files now loaded: 0)
System memory in use before: 61.7 MB.
System memory in use after: 61.8 MB.

Unloading 4 unused Assets to reduce memory usage. Loaded Objects now: 1570.
Total: 2.182300 ms (FindLiveObjects: 0.202700 ms CreateObjectMapping: 0.089500 ms MarkObjects: 1.868100 ms  DeleteObjects: 0.020400 ms)

========================================================================
Received Import Request.
  Time since last request: 269.964376 seconds.
  path: Assets/Script/inicio.cs
  artifactKey: Guid(a0081064a6679624dac58f194a94641e) Importer(815301076,1909f56bfc062723c751e8b465ee728b)
Start importing Assets/Script/inicio.cs using Guid(a0081064a6679624dac58f194a94641e) Importer(815301076,1909f56bfc062723c751e8b465ee728b)  -> (artifact id: '868af473ae40a603ffb9e2c4dd275d32') in 0.070237 seconds
  Import took 0.127367 seconds .

========================================================================
Received Prepare
Registering precompiled user dll's ...
Registered in 0.002070 seconds.
Begin MonoManager ReloadAssembly
Native extension for WindowsStandalone target not found
Native extension for WebGL target not found
Refreshing native plugins compatible for Editor in 0.51 ms, found 0 plugins.
Preloading 0 native plugins for Editor in 0.00 ms.
Invoked RoslynAnalysisRunner static constructor.
RoslynAnalysisRunner will not be running.
RoslynAnalysisRunner has terminated.
Mono: successfully reloaded assembly
- Completed reload, in  1.279 seconds
Platform modules already initialized, skipping
Refreshing native plugins compatible for Editor in 0.52 ms, found 0 plugins.
Preloading 0 native plugins for Editor in 0.00 ms.
Unloading 1106 Unused Serialized files (Serialized files now loaded: 0)
System memory in use before: 61.9 MB.
System memory in use after: 62.0 MB.

Unloading 4 unused Assets to reduce memory usage. Loaded Objects now: 1573.
Total: 2.213900 ms (FindLiveObjects: 0.283200 ms CreateObjectMapping: 0.055000 ms MarkObjects: 1.854900 ms  DeleteObjects: 0.018800 ms)

========================================================================
Received Import Request.
  Time since last request: 125.309030 seconds.
  path: Assets/Script/inicio.cs
  artifactKey: Guid(a0081064a6679624dac58f194a94641e) Importer(815301076,1909f56bfc062723c751e8b465ee728b)
Start importing Assets/Script/inicio.cs using Guid(a0081064a6679624dac58f194a94641e) Importer(815301076,1909f56bfc062723c751e8b465ee728b)  -> (artifact id: 'd08a8cca946c481a20abd2900c18a324') in 0.007770 seconds
  Import took 0.097828 seconds .

========================================================================
Received Import Request.
  Time since last request: 205.620719 seconds.
  path: Assets/song/unity-dances/UnityDances.otf
  artifactKey: Guid(dd5f1c7936641ce459134b1074ce9d94) Importer(815301076,1909f56bfc062723c751e8b465ee728b)
Start importing Assets/song/unity-dances/UnityDances.otf using Guid(dd5f1c7936641ce459134b1074ce9d94) Importer(815301076,1909f56bfc062723c751e8b465ee728b)  -> (artifact id: '7314e8be95e66b35c66218023f20ff76') in 0.691557 seconds
  Import took 0.788766 seconds .

========================================================================
Received Import Request.
  Time since last request: 0.000401 seconds.
  path: Assets/song/unity-dances/UnityDances.ttf
  artifactKey: Guid(354cc78db69b8f84db042dc14031cdc3) Importer(815301076,1909f56bfc062723c751e8b465ee728b)
Start importing Assets/song/unity-dances/UnityDances.ttf using Guid(354cc78db69b8f84db042dc14031cdc3) Importer(815301076,1909f56bfc062723c751e8b465ee728b)  -> (artifact id: 'ffc4bc30f1ba062f7ebc7e92985af029') in 0.074467 seconds
  Import took 0.109356 seconds .

========================================================================
Received Prepare
Registering precompiled user dll's ...
Registered in 0.002205 seconds.
Begin MonoManager ReloadAssembly
Native extension for WindowsStandalone target not found
Native extension for WebGL target not found
Refreshing native plugins compatible for Editor in 0.30 ms, found 0 plugins.
Preloading 0 native plugins for Editor in 0.00 ms.
Invoked RoslynAnalysisRunner static constructor.
RoslynAnalysisRunner will not be running.
RoslynAnalysisRunner has terminated.
Mono: successfully reloaded assembly
- Completed reload, in  1.216 seconds
Platform modules already initialized, skipping
Refreshing native plugins compatible for Editor in 0.54 ms, found 0 plugins.
Preloading 0 native plugins for Editor in 0.00 ms.
Unloading 1106 Unused Serialized files (Serialized files now loaded: 0)
System memory in use before: 62.9 MB.
System memory in use after: 63.0 MB.

Unloading 4 unused Assets to reduce memory usage. Loaded Objects now: 1617.
Total: 3.317000 ms (FindLiveObjects: 0.268500 ms CreateObjectMapping: 0.089500 ms MarkObjects: 2.928000 ms  DeleteObjects: 0.028800 ms)

========================================================================
Received Import Request.
  Time since last request: 144.243744 seconds.
  path: Assets/Script/inicio.cs
  artifactKey: Guid(a0081064a6679624dac58f194a94641e) Importer(815301076,1909f56bfc062723c751e8b465ee728b)
Start importing Assets/Script/inicio.cs using Guid(a0081064a6679624dac58f194a94641e) Importer(815301076,1909f56bfc062723c751e8b465ee728b)  -> (artifact id: '86ef1050f6248cc453cd6eed4b5f9f79') in 0.010049 seconds
  Import took 0.474996 seconds .

========================================================================
Received Import Request.
  Time since last request: 6.800485 seconds.
  path: Assets/Script/Inicio.cs
  artifactKey: Guid(a0081064a6679624dac58f194a94641e) Importer(815301076,1909f56bfc062723c751e8b465ee728b)
Start importing Assets/Script/Inicio.cs using Guid(a0081064a6679624dac58f194a94641e) Importer(815301076,1909f56bfc062723c751e8b465ee728b)  -> (artifact id: '5799618caa7dfbefe53469b1ba070eb2') in 0.028926 seconds
  Import took 0.072854 seconds .

========================================================================
Received Prepare
Registering precompiled user dll's ...
Registered in 0.001631 seconds.
Begin MonoManager ReloadAssembly
Native extension for WindowsStandalone target not found
Native extension for WebGL target not found
Refreshing native plugins compatible for Editor in 0.31 ms, found 0 plugins.
Preloading 0 native plugins for Editor in 0.00 ms.
Invoked RoslynAnalysisRunner static constructor.
RoslynAnalysisRunner will not be running.
RoslynAnalysisRunner has terminated.
Mono: successfully reloaded assembly
- Completed reload, in  1.241 seconds
Platform modules already initialized, skipping
Refreshing native plugins compatible for Editor in 0.63 ms, found 0 plugins.
Preloading 0 native plugins for Editor in 0.00 ms.
Unloading 1106 Unused Serialized files (Serialized files now loaded: 0)
System memory in use before: 63.3 MB.
System memory in use after: 63.4 MB.

Unloading 4 unused Assets to reduce memory usage. Loaded Objects now: 1619.
Total: 3.129100 ms (FindLiveObjects: 0.207000 ms CreateObjectMapping: 0.092700 ms MarkObjects: 2.808100 ms  DeleteObjects: 0.019200 ms)

========================================================================
Received Prepare
Registering precompiled user dll's ...
Registered in 0.004967 seconds.
Begin MonoManager ReloadAssembly
Native extension for WindowsStandalone target not found
Native extension for WebGL target not found
Refreshing native plugins compatible for Editor in 0.72 ms, found 0 plugins.
Preloading 0 native plugins for Editor in 0.00 ms.
Invoked RoslynAnalysisRunner static constructor.
RoslynAnalysisRunner will not be running.
RoslynAnalysisRunner has terminated.
Mono: successfully reloaded assembly
- Completed reload, in  3.699 seconds
Platform modules already initialized, skipping
Refreshing native plugins compatible for Editor in 0.56 ms, found 0 plugins.
Preloading 0 native plugins for Editor in 0.00 ms.
Unloading 1106 Unused Serialized files (Serialized files now loaded: 0)
System memory in use before: 63.4 MB.
System memory in use after: 63.5 MB.

Unloading 4 unused Assets to reduce memory usage. Loaded Objects now: 1621.
Total: 2.484900 ms (FindLiveObjects: 0.217900 ms CreateObjectMapping: 0.102800 ms MarkObjects: 2.127400 ms  DeleteObjects: 0.034300 ms)

========================================================================
Received Prepare
Registering precompiled user dll's ...
Registered in 0.001562 seconds.
Begin MonoManager ReloadAssembly
Native extension for WindowsStandalone target not found
Native extension for WebGL target not found
Refreshing native plugins compatible for Editor in 0.30 ms, found 0 plugins.
Preloading 0 native plugins for Editor in 0.00 ms.
Invoked RoslynAnalysisRunner static constructor.
RoslynAnalysisRunner will not be running.
RoslynAnalysisRunner has terminated.
Mono: successfully reloaded assembly
- Completed reload, in  1.217 seconds
Platform modules already initialized, skipping
Refreshing native plugins compatible for Editor in 0.51 ms, found 0 plugins.
Preloading 0 native plugins for Editor in 0.00 ms.
Unloading 1106 Unused Serialized files (Serialized files now loaded: 0)
System memory in use before: 63.1 MB.
System memory in use after: 63.2 MB.

Unloading 4 unused Assets to reduce memory usage. Loaded Objects now: 1623.
Total: 2.303800 ms (FindLiveObjects: 0.201200 ms CreateObjectMapping: 0.092400 ms MarkObjects: 1.987700 ms  DeleteObjects: 0.020700 ms)

========================================================================
Received Prepare
Registering precompiled user dll's ...
Registered in 0.002069 seconds.
Begin MonoManager ReloadAssembly
Native extension for WindowsStandalone target not found
Native extension for WebGL target not found
Refreshing native plugins compatible for Editor in 0.38 ms, found 0 plugins.
Preloading 0 native plugins for Editor in 0.00 ms.
Invoked RoslynAnalysisRunner static constructor.
RoslynAnalysisRunner will not be running.
RoslynAnalysisRunner has terminated.
Mono: successfully reloaded assembly
- Completed reload, in  1.237 seconds
Platform modules already initialized, skipping
Refreshing native plugins compatible for Editor in 0.47 ms, found 0 plugins.
Preloading 0 native plugins for Editor in 0.00 ms.
Unloading 1106 Unused Serialized files (Serialized files now loaded: 0)
System memory in use before: 63.4 MB.
System memory in use after: 63.5 MB.

Unloading 4 unused Assets to reduce memory usage. Loaded Objects now: 1625.
Total: 2.437600 ms (FindLiveObjects: 0.201100 ms CreateObjectMapping: 0.089300 ms MarkObjects: 2.124400 ms  DeleteObjects: 0.020900 ms)

========================================================================
Received Prepare
Registering precompiled user dll's ...
Registered in 0.002496 seconds.
Begin MonoManager ReloadAssembly
Native extension for WindowsStandalone target not found
Native extension for WebGL target not found
Refreshing native plugins compatible for Editor in 0.45 ms, found 0 plugins.
Preloading 0 native plugins for Editor in 0.00 ms.
Invoked RoslynAnalysisRunner static constructor.
RoslynAnalysisRunner will not be running.
RoslynAnalysisRunner has terminated.
Mono: successfully reloaded assembly
- Completed reload, in  1.244 seconds
Platform modules already initialized, skipping
Refreshing native plugins compatible for Editor in 0.49 ms, found 0 plugins.
Preloading 0 native plugins for Editor in 0.00 ms.
Unloading 1106 Unused Serialized files (Serialized files now loaded: 0)
System memory in use before: 62.8 MB.
System memory in use after: 62.9 MB.

Unloading 4 unused Assets to reduce memory usage. Loaded Objects now: 1627.
Total: 2.272000 ms (FindLiveObjects: 0.199800 ms CreateObjectMapping: 0.090000 ms MarkObjects: 1.959600 ms  DeleteObjects: 0.020900 ms)

========================================================================
Received Prepare
Registering precompiled user dll's ...
Registered in 0.001595 seconds.
Begin MonoManager ReloadAssembly
Native extension for WindowsStandalone target not found
Native extension for WebGL target not found
Refreshing native plugins compatible for Editor in 3.54 ms, found 0 plugins.
Preloading 0 native plugins for Editor in 0.00 ms.
Invoked RoslynAnalysisRunner static constructor.
RoslynAnalysisRunner will not be running.
RoslynAnalysisRunner has terminated.
Mono: successfully reloaded assembly
- Completed reload, in  1.702 seconds
Platform modules already initialized, skipping
Refreshing native plugins compatible for Editor in 0.55 ms, found 0 plugins.
Preloading 0 native plugins for Editor in 0.00 ms.
Unloading 1106 Unused Serialized files (Serialized files now loaded: 0)
System memory in use before: 63.2 MB.
System memory in use after: 63.3 MB.

Unloading 4 unused Assets to reduce memory usage. Loaded Objects now: 1629.
Total: 4.055900 ms (FindLiveObjects: 0.347700 ms CreateObjectMapping: 0.168300 ms MarkObjects: 3.500800 ms  DeleteObjects: 0.036600 ms)

========================================================================
Received Prepare
Registering precompiled user dll's ...
Registered in 0.002505 seconds.
Begin MonoManager ReloadAssembly
Native extension for WindowsStandalone target not found
Native extension for WebGL target not found
Refreshing native plugins compatible for Editor in 0.38 ms, found 0 plugins.
Preloading 0 native plugins for Editor in 0.00 ms.
Invoked RoslynAnalysisRunner static constructor.
RoslynAnalysisRunner will not be running.
RoslynAnalysisRunner has terminated.
Mono: successfully reloaded assembly
- Completed reload, in  1.183 seconds
Platform modules already initialized, skipping
Refreshing native plugins compatible for Editor in 0.54 ms, found 0 plugins.
Preloading 0 native plugins for Editor in 0.00 ms.
Unloading 1106 Unused Serialized files (Serialized files now loaded: 0)
System memory in use before: 63.4 MB.
System memory in use after: 63.5 MB.

Unloading 4 unused Assets to reduce memory usage. Loaded Objects now: 1631.
Total: 2.383000 ms (FindLiveObjects: 0.204900 ms CreateObjectMapping: 0.089300 ms MarkObjects: 2.065600 ms  DeleteObjects: 0.021300 ms)

========================================================================
Received Import Request.
  Time since last request: 493.692059 seconds.
  path: Assets/Scenes/SampleScene.unity
  artifactKey: Guid(9fc0d4010bbf28b4594072e72b8655ab) Importer(815301076,1909f56bfc062723c751e8b465ee728b)
Start importing Assets/Scenes/SampleScene.unity using Guid(9fc0d4010bbf28b4594072e72b8655ab) Importer(815301076,1909f56bfc062723c751e8b465ee728b)  -> (artifact id: '2d75b7ac9fb8ac74ba2055480ff9feff') in 0.083413 seconds
  Import took 0.191481 seconds .

========================================================================
Received Prepare
Registering precompiled user dll's ...
Registered in 0.001574 seconds.
Begin MonoManager ReloadAssembly
Native extension for WindowsStandalone target not found
Native extension for WebGL target not found
Refreshing native plugins compatible for Editor in 0.30 ms, found 0 plugins.
Preloading 0 native plugins for Editor in 0.00 ms.
Invoked RoslynAnalysisRunner static constructor.
RoslynAnalysisRunner will not be running.
RoslynAnalysisRunner has terminated.
Mono: successfully reloaded assembly
- Completed reload, in  1.149 seconds
Platform modules already initialized, skipping
Refreshing native plugins compatible for Editor in 0.50 ms, found 0 plugins.
Preloading 0 native plugins for Editor in 0.00 ms.
Unloading 1106 Unused Serialized files (Serialized files now loaded: 0)
System memory in use before: 63.0 MB.
System memory in use after: 63.1 MB.

Unloading 4 unused Assets to reduce memory usage. Loaded Objects now: 1633.
Total: 2.423700 ms (FindLiveObjects: 0.220400 ms CreateObjectMapping: 0.104900 ms MarkObjects: 2.078800 ms  DeleteObjects: 0.018400 ms)

========================================================================
Received Import Request.
  Time since last request: 14.451458 seconds.
  path: Assets/Scenes/boss.unity
  artifactKey: Guid(9fc0d4010bbf28b4594072e72b8655ab) Importer(815301076,1909f56bfc062723c751e8b465ee728b)
Start importing Assets/Scenes/boss.unity using Guid(9fc0d4010bbf28b4594072e72b8655ab) Importer(815301076,1909f56bfc062723c751e8b465ee728b)  -> (artifact id: 'a78f46c5b165a9394c296b6691bcd0ad') in 0.062573 seconds
  Import took 0.185808 seconds .

========================================================================
Received Import Request.
  Time since last request: 36.154238 seconds.
  path: Assets/Scenes/campo de tiro.unity
  artifactKey: Guid(5a463281e6e238742a45430f11e82829) Importer(815301076,1909f56bfc062723c751e8b465ee728b)
Start importing Assets/Scenes/campo de tiro.unity using Guid(5a463281e6e238742a45430f11e82829) Importer(815301076,1909f56bfc062723c751e8b465ee728b)  -> (artifact id: '1cdfa17c03371370eb4a095c9963b12d') in 0.033647 seconds
  Import took 0.292618 seconds .

========================================================================
Received Import Request.
  Time since last request: 22.468831 seconds.
  path: Assets/Scenes/boss.unity
  artifactKey: Guid(9fc0d4010bbf28b4594072e72b8655ab) Importer(815301076,1909f56bfc062723c751e8b465ee728b)
Start importing Assets/Scenes/boss.unity using Guid(9fc0d4010bbf28b4594072e72b8655ab) Importer(815301076,1909f56bfc062723c751e8b465ee728b)  -> (artifact id: 'bd7bf38ed83966cf0826bd95c378004e') in 0.009496 seconds
  Import took 0.644912 seconds .

========================================================================
Received Import Request.
  Time since last request: 35.145734 seconds.
  path: Assets/Script/BossController.cs
  artifactKey: Guid(fd3673a30c3a2e047bf9fe31dd0ba6cd) Importer(815301076,1909f56bfc062723c751e8b465ee728b)
Start importing Assets/Script/BossController.cs using Guid(fd3673a30c3a2e047bf9fe31dd0ba6cd) Importer(815301076,1909f56bfc062723c751e8b465ee728b)  -> (artifact id: '45554e6883babd371e25343665dccdb5') in 0.144445 seconds
  Import took 0.202420 seconds .

========================================================================
Received Prepare
Registering precompiled user dll's ...
Registered in 0.001599 seconds.
Begin MonoManager ReloadAssembly
Native extension for WindowsStandalone target not found
Native extension for WebGL target not found
Refreshing native plugins compatible for Editor in 0.33 ms, found 0 plugins.
Preloading 0 native plugins for Editor in 0.00 ms.
Invoked RoslynAnalysisRunner static constructor.
RoslynAnalysisRunner will not be running.
RoslynAnalysisRunner has terminated.
Mono: successfully reloaded assembly
- Completed reload, in  1.178 seconds
Platform modules already initialized, skipping
Refreshing native plugins compatible for Editor in 0.49 ms, found 0 plugins.
Preloading 0 native plugins for Editor in 0.00 ms.
Unloading 1106 Unused Serialized files (Serialized files now loaded: 0)
System memory in use before: 63.4 MB.
System memory in use after: 63.5 MB.

Unloading 4 unused Assets to reduce memory usage. Loaded Objects now: 1635.
Total: 4.111700 ms (FindLiveObjects: 0.346900 ms CreateObjectMapping: 0.072200 ms MarkObjects: 3.665900 ms  DeleteObjects: 0.024100 ms)

========================================================================
Received Import Request.
  Time since last request: 76.951756 seconds.
  path: Assets/Script/BossController.cs
  artifactKey: Guid(fd3673a30c3a2e047bf9fe31dd0ba6cd) Importer(815301076,1909f56bfc062723c751e8b465ee728b)
Start importing Assets/Script/BossController.cs using Guid(fd3673a30c3a2e047bf9fe31dd0ba6cd) Importer(815301076,1909f56bfc062723c751e8b465ee728b)  -> (artifact id: '3dfcba077c7e6bc1d0c1bd52fbe8ae5f') in 0.007777 seconds
  Import took 0.011552 seconds .

========================================================================
Received Prepare
Registering precompiled user dll's ...
Registered in 0.003064 seconds.
Begin MonoManager ReloadAssembly
Native extension for WindowsStandalone target not found
Native extension for WebGL target not found
Refreshing native plugins compatible for Editor in 0.32 ms, found 0 plugins.
Preloading 0 native plugins for Editor in 0.00 ms.
Invoked RoslynAnalysisRunner static constructor.
RoslynAnalysisRunner will not be running.
RoslynAnalysisRunner has terminated.
Mono: successfully reloaded assembly
- Completed reload, in  1.161 seconds
Platform modules already initialized, skipping
Refreshing native plugins compatible for Editor in 0.46 ms, found 0 plugins.
Preloading 0 native plugins for Editor in 0.00 ms.
Unloading 1106 Unused Serialized files (Serialized files now loaded: 0)
System memory in use before: 63.4 MB.
System memory in use after: 63.5 MB.

Unloading 4 unused Assets to reduce memory usage. Loaded Objects now: 1637.
Total: 2.078900 ms (FindLiveObjects: 0.228500 ms CreateObjectMapping: 0.084300 ms MarkObjects: 1.744000 ms  DeleteObjects: 0.019700 ms)

========================================================================
Received Import Request.
  Time since last request: 285.501000 seconds.
  path: Assets/RPG_FPS_game_assets_industrial/Barrels/Barrel_v2
  artifactKey: Guid(550735b4678d9a94d911c28776ec1903) Importer(815301076,1909f56bfc062723c751e8b465ee728b)
Start importing Assets/RPG_FPS_game_assets_industrial/Barrels/Barrel_v2 using Guid(550735b4678d9a94d911c28776ec1903) Importer(815301076,1909f56bfc062723c751e8b465ee728b)  -> (artifact id: '2f03f2cfbd027664dbab6e0bcecf725e') in 0.144252 seconds
  Import took 0.293495 seconds .

========================================================================
Received Import Request.
  Time since last request: 1.966941 seconds.
  path: Assets/RPG_FPS_game_assets_industrial/Barrels/Barrel_v3/Barrel_v3_quadro.prefab
  artifactKey: Guid(9732a241b7bd0fa4a8e59553d6d8a2b0) Importer(815301076,1909f56bfc062723c751e8b465ee728b)
Start importing Assets/RPG_FPS_game_assets_industrial/Barrels/Barrel_v3/Barrel_v3_quadro.prefab using Guid(9732a241b7bd0fa4a8e59553d6d8a2b0) Importer(815301076,1909f56bfc062723c751e8b465ee728b)  -> (artifact id: '55c913925dd22f1de5d7f5cdce345b6c') in 23.731826 seconds
  Import took 23.783448 seconds .

========================================================================
Received Import Request.
  Time since last request: 0.000311 seconds.
  path: Assets/RPG_FPS_game_assets_industrial/Barrels/Barrel_v3/Barrel_v3_single.prefab
  artifactKey: Guid(a62abbb708e3f49489bde29e5cfc3ebd) Importer(815301076,1909f56bfc062723c751e8b465ee728b)
Start importing Assets/RPG_FPS_game_assets_industrial/Barrels/Barrel_v3/Barrel_v3_single.prefab using Guid(a62abbb708e3f49489bde29e5cfc3ebd) Importer(815301076,1909f56bfc062723c751e8b465ee728b)  -> (artifact id: 'a5b539c5b66f0aaa26f3894524bc9621') in 0.161805 seconds
  Import took 0.232500 seconds .

========================================================================
Received Prepare
Registering precompiled user dll's ...
Registered in 0.001543 seconds.
Begin MonoManager ReloadAssembly
Native extension for WindowsStandalone target not found
Native extension for WebGL target not found
Refreshing native plugins compatible for Editor in 0.32 ms, found 0 plugins.
Preloading 0 native plugins for Editor in 0.00 ms.
Invoked RoslynAnalysisRunner static constructor.
RoslynAnalysisRunner will not be running.
RoslynAnalysisRunner has terminated.
Mono: successfully reloaded assembly
- Completed reload, in  1.287 seconds
Platform modules already initialized, skipping
Refreshing native plugins compatible for Editor in 0.49 ms, found 0 plugins.
Preloading 0 native plugins for Editor in 0.00 ms.
Unloading 1106 Unused Serialized files (Serialized files now loaded: 0)
System memory in use before: 63.2 MB.
System memory in use after: 63.3 MB.

Unloading 4 unused Assets to reduce memory usage. Loaded Objects now: 1640.
Total: 5.094400 ms (FindLiveObjects: 0.784200 ms CreateObjectMapping: 0.343000 ms MarkObjects: 3.900100 ms  DeleteObjects: 0.063700 ms)

========================================================================
Received Prepare
Registering precompiled user dll's ...
Registered in 0.001729 seconds.
Begin MonoManager ReloadAssembly
Native extension for WindowsStandalone target not found
Native extension for WebGL target not found
Refreshing native plugins compatible for Editor in 0.31 ms, found 0 plugins.
Preloading 0 native plugins for Editor in 0.00 ms.
Invoked RoslynAnalysisRunner static constructor.
RoslynAnalysisRunner will not be running.
RoslynAnalysisRunner has terminated.
Mono: successfully reloaded assembly
- Completed reload, in  1.275 seconds
Platform modules already initialized, skipping
Refreshing native plugins compatible for Editor in 0.58 ms, found 0 plugins.
Preloading 0 native plugins for Editor in 0.00 ms.
Unloading 1106 Unused Serialized files (Serialized files now loaded: 0)
System memory in use before: 63.5 MB.
System memory in use after: 63.6 MB.

Unloading 4 unused Assets to reduce memory usage. Loaded Objects now: 1642.
Total: 2.120800 ms (FindLiveObjects: 0.212200 ms CreateObjectMapping: 0.092200 ms MarkObjects: 1.793900 ms  DeleteObjects: 0.020500 ms)

========================================================================
Received Prepare
Registering precompiled user dll's ...
Registered in 0.001592 seconds.
Begin MonoManager ReloadAssembly
Native extension for WindowsStandalone target not found
Native extension for WebGL target not found
Refreshing native plugins compatible for Editor in 0.30 ms, found 0 plugins.
Preloading 0 native plugins for Editor in 0.00 ms.
Invoked RoslynAnalysisRunner static constructor.
RoslynAnalysisRunner will not be running.
RoslynAnalysisRunner has terminated.
Mono: successfully reloaded assembly
- Completed reload, in  1.186 seconds
Platform modules already initialized, skipping
Refreshing native plugins compatible for Editor in 0.49 ms, found 0 plugins.
Preloading 0 native plugins for Editor in 0.00 ms.
Unloading 1106 Unused Serialized files (Serialized files now loaded: 0)
System memory in use before: 63.0 MB.
System memory in use after: 63.1 MB.

Unloading 4 unused Assets to reduce memory usage. Loaded Objects now: 1644.
Total: 2.085300 ms (FindLiveObjects: 0.162200 ms CreateObjectMapping: 0.047900 ms MarkObjects: 1.845100 ms  DeleteObjects: 0.028000 ms)

========================================================================
Received Import Request.
  Time since last request: 372.324321 seconds.
  path: Assets/Script/barriljefe.cs
  artifactKey: Guid(a0d1b01998c612440a00b50f0f7add14) Importer(815301076,1909f56bfc062723c751e8b465ee728b)
Start importing Assets/Script/barriljefe.cs using Guid(a0d1b01998c612440a00b50f0f7add14) Importer(815301076,1909f56bfc062723c751e8b465ee728b)  -> (artifact id: '17db411eb5e76531c3ab63cd8eb0e77f') in 0.025485 seconds
  Import took 0.110743 seconds .

========================================================================
Received Prepare
Registering precompiled user dll's ...
Registered in 0.002449 seconds.
Begin MonoManager ReloadAssembly
Native extension for WindowsStandalone target not found
Native extension for WebGL target not found
Refreshing native plugins compatible for Editor in 0.31 ms, found 0 plugins.
Preloading 0 native plugins for Editor in 0.00 ms.
Invoked RoslynAnalysisRunner static constructor.
RoslynAnalysisRunner will not be running.
RoslynAnalysisRunner has terminated.
Mono: successfully reloaded assembly
- Completed reload, in  2.065 seconds
Platform modules already initialized, skipping
Refreshing native plugins compatible for Editor in 0.50 ms, found 0 plugins.
Preloading 0 native plugins for Editor in 0.00 ms.
Unloading 1107 Unused Serialized files (Serialized files now loaded: 0)
System memory in use before: 63.4 MB.
System memory in use after: 63.5 MB.

Unloading 4 unused Assets to reduce memory usage. Loaded Objects now: 1647.
Total: 3.804400 ms (FindLiveObjects: 0.363200 ms CreateObjectMapping: 0.100200 ms MarkObjects: 3.304600 ms  DeleteObjects: 0.033700 ms)

========================================================================
Received Prepare
Registering precompiled user dll's ...
Registered in 0.004192 seconds.
Begin MonoManager ReloadAssembly
Native extension for WindowsStandalone target not found
Native extension for WebGL target not found
Refreshing native plugins compatible for Editor in 0.36 ms, found 0 plugins.
Preloading 0 native plugins for Editor in 0.00 ms.
Invoked RoslynAnalysisRunner static constructor.
RoslynAnalysisRunner will not be running.
RoslynAnalysisRunner has terminated.
Mono: successfully reloaded assembly
- Completed reload, in  1.215 seconds
Platform modules already initialized, skipping
Refreshing native plugins compatible for Editor in 0.50 ms, found 0 plugins.
Preloading 0 native plugins for Editor in 0.00 ms.
Unloading 1107 Unused Serialized files (Serialized files now loaded: 0)
System memory in use before: 63.5 MB.
System memory in use after: 63.6 MB.

Unloading 4 unused Assets to reduce memory usage. Loaded Objects now: 1649.
Total: 2.587400 ms (FindLiveObjects: 0.186100 ms CreateObjectMapping: 0.055800 ms MarkObjects: 2.320100 ms  DeleteObjects: 0.023600 ms)

========================================================================
Received Import Request.
  Time since last request: 45.263331 seconds.
  path: Assets/Script/barriljefe.cs
  artifactKey: Guid(a0d1b01998c612440a00b50f0f7add14) Importer(815301076,1909f56bfc062723c751e8b465ee728b)
Start importing Assets/Script/barriljefe.cs using Guid(a0d1b01998c612440a00b50f0f7add14) Importer(815301076,1909f56bfc062723c751e8b465ee728b)  -> (artifact id: '1b35929a05b28760f8bb771728a2c932') in 0.009670 seconds
  Import took 0.039007 seconds .

========================================================================
Received Import Request.
  Time since last request: 0.012621 seconds.
  path: Assets/Script/barriljefe.cs
  artifactKey: Guid(a0d1b01998c612440a00b50f0f7add14) Importer(815301076,1909f56bfc062723c751e8b465ee728b)
Start importing Assets/Script/barriljefe.cs using Guid(a0d1b01998c612440a00b50f0f7add14) Importer(815301076,1909f56bfc062723c751e8b465ee728b)  -> (artifact id: '1b35929a05b28760f8bb771728a2c932') in 0.010717 seconds
  Import took 0.037322 seconds .

========================================================================
Received Import Request.
  Time since last request: 11.686967 seconds.
  path: Assets/Script/Barril.cs
  artifactKey: Guid(a0d1b01998c612440a00b50f0f7add14) Importer(815301076,1909f56bfc062723c751e8b465ee728b)
Start importing Assets/Script/Barril.cs using Guid(a0d1b01998c612440a00b50f0f7add14) Importer(815301076,1909f56bfc062723c751e8b465ee728b)  -> (artifact id: 'ce50b40e9df075a4a25d9e40a15dfa83') in 0.030347 seconds
  Import took 0.061387 seconds .

========================================================================
Received Prepare
Registering precompiled user dll's ...
Registered in 0.002305 seconds.
Begin MonoManager ReloadAssembly
Native extension for WindowsStandalone target not found
Native extension for WebGL target not found
Refreshing native plugins compatible for Editor in 0.30 ms, found 0 plugins.
Preloading 0 native plugins for Editor in 0.00 ms.
Invoked RoslynAnalysisRunner static constructor.
RoslynAnalysisRunner will not be running.
RoslynAnalysisRunner has terminated.
Mono: successfully reloaded assembly
- Completed reload, in  1.329 seconds
Platform modules already initialized, skipping
Refreshing native plugins compatible for Editor in 0.51 ms, found 0 plugins.
Preloading 0 native plugins for Editor in 0.00 ms.
Unloading 1107 Unused Serialized files (Serialized files now loaded: 0)
System memory in use before: 63.2 MB.
System memory in use after: 63.3 MB.

Unloading 4 unused Assets to reduce memory usage. Loaded Objects now: 1651.
Total: 2.112100 ms (FindLiveObjects: 0.238200 ms CreateObjectMapping: 0.094400 ms MarkObjects: 1.755400 ms  DeleteObjects: 0.021700 ms)

========================================================================
Received Import Request.
  Time since last request: 26.705766 seconds.
  path: Assets/RPG_FPS_game_assets_industrial/Barrels/Barrel_v1/Barrel_v1_LD1.prefab
  artifactKey: Guid(a22c0c7e17126fa4f89534dc98bcac8f) Importer(815301076,1909f56bfc062723c751e8b465ee728b)
Start importing Assets/RPG_FPS_game_assets_industrial/Barrels/Barrel_v1/Barrel_v1_LD1.prefab using Guid(a22c0c7e17126fa4f89534dc98bcac8f) Importer(815301076,1909f56bfc062723c751e8b465ee728b)  -> (artifact id: 'cb6264afa67fff5a2f602ccb70fb2701') in 0.171831 seconds
  Import took 0.242295 seconds .

========================================================================
Received Prepare
Registering precompiled user dll's ...
Registered in 0.001605 seconds.
Begin MonoManager ReloadAssembly
Native extension for WindowsStandalone target not found
Native extension for WebGL target not found
Refreshing native plugins compatible for Editor in 0.33 ms, found 0 plugins.
Preloading 0 native plugins for Editor in 0.00 ms.
Invoked RoslynAnalysisRunner static constructor.
RoslynAnalysisRunner will not be running.
RoslynAnalysisRunner has terminated.
Mono: successfully reloaded assembly
- Completed reload, in  1.189 seconds
Platform modules already initialized, skipping
Refreshing native plugins compatible for Editor in 0.30 ms, found 0 plugins.
Preloading 0 native plugins for Editor in 0.00 ms.
Unloading 1107 Unused Serialized files (Serialized files now loaded: 0)
System memory in use before: 63.6 MB.
System memory in use after: 63.7 MB.

Unloading 4 unused Assets to reduce memory usage. Loaded Objects now: 1654.
Total: 1.993700 ms (FindLiveObjects: 0.186700 ms CreateObjectMapping: 0.049000 ms MarkObjects: 1.735300 ms  DeleteObjects: 0.020900 ms)

========================================================================
Received Import Request.
  Time since last request: 84.033711 seconds.
  path: Assets/song/unity-dances/unity-dances.gif
  artifactKey: Guid(c38b46b319e241441bd764f31d3c28c0) Importer(815301076,1909f56bfc062723c751e8b465ee728b)
Start importing Assets/song/unity-dances/unity-dances.gif using Guid(c38b46b319e241441bd764f31d3c28c0) Importer(815301076,1909f56bfc062723c751e8b465ee728b)  -> (artifact id: '09c78810b8288992218ade1c459536a3') in 0.250628 seconds
  Import took 0.255789 seconds .

========================================================================
Received Import Request.
  Time since last request: 0.000927 seconds.
  path: Assets/song/unity-dances/unity-dances.gif
  artifactKey: Guid(c38b46b319e241441bd764f31d3c28c0) Importer(815301076,1909f56bfc062723c751e8b465ee728b)
Start importing Assets/song/unity-dances/unity-dances.gif using Guid(c38b46b319e241441bd764f31d3c28c0) Importer(815301076,1909f56bfc062723c751e8b465ee728b)  -> (artifact id: '09c78810b8288992218ade1c459536a3') in 0.038099 seconds
  Import took 0.042863 seconds .

========================================================================
Received Prepare
Registering precompiled user dll's ...
Registered in 0.002216 seconds.
Begin MonoManager ReloadAssembly
Native extension for WindowsStandalone target not found
Native extension for WebGL target not found
Refreshing native plugins compatible for Editor in 0.30 ms, found 0 plugins.
Preloading 0 native plugins for Editor in 0.00 ms.
Invoked RoslynAnalysisRunner static constructor.
RoslynAnalysisRunner will not be running.
RoslynAnalysisRunner has terminated.
Mono: successfully reloaded assembly
- Completed reload, in  1.219 seconds
Platform modules already initialized, skipping
Refreshing native plugins compatible for Editor in 0.31 ms, found 0 plugins.
Preloading 0 native plugins for Editor in 0.00 ms.
Unloading 1107 Unused Serialized files (Serialized files now loaded: 0)
System memory in use before: 63.0 MB.
System memory in use after: 63.1 MB.

Unloading 4 unused Assets to reduce memory usage. Loaded Objects now: 1656.
Total: 2.317100 ms (FindLiveObjects: 0.207800 ms CreateObjectMapping: 0.102000 ms MarkObjects: 1.965800 ms  DeleteObjects: 0.040000 ms)

========================================================================
Received Prepare
Registering precompiled user dll's ...
Registered in 0.001948 seconds.
Begin MonoManager ReloadAssembly
Native extension for WindowsStandalone target not found
Native extension for WebGL target not found
Refreshing native plugins compatible for Editor in 0.45 ms, found 0 plugins.
Preloading 0 native plugins for Editor in 0.00 ms.
Invoked RoslynAnalysisRunner static constructor.
RoslynAnalysisRunner will not be running.
RoslynAnalysisRunner has terminated.
Mono: successfully reloaded assembly
- Completed reload, in  1.147 seconds
Platform modules already initialized, skipping
Refreshing native plugins compatible for Editor in 0.49 ms, found 0 plugins.
Preloading 0 native plugins for Editor in 0.00 ms.
Unloading 1107 Unused Serialized files (Serialized files now loaded: 0)
System memory in use before: 63.4 MB.
System memory in use after: 63.5 MB.

Unloading 4 unused Assets to reduce memory usage. Loaded Objects now: 1658.
Total: 2.294400 ms (FindLiveObjects: 0.211200 ms CreateObjectMapping: 0.093200 ms MarkObjects: 1.964000 ms  DeleteObjects: 0.023800 ms)

========================================================================
Received Prepare
Registering precompiled user dll's ...
Registered in 0.002129 seconds.
Begin MonoManager ReloadAssembly
Native extension for WindowsStandalone target not found
Native extension for WebGL target not found
Refreshing native plugins compatible for Editor in 0.34 ms, found 0 plugins.
Preloading 0 native plugins for Editor in 0.00 ms.
Invoked RoslynAnalysisRunner static constructor.
RoslynAnalysisRunner will not be running.
RoslynAnalysisRunner has terminated.
Mono: successfully reloaded assembly
- Completed reload, in  1.137 seconds
Platform modules already initialized, skipping
Refreshing native plugins compatible for Editor in 0.99 ms, found 0 plugins.
Preloading 0 native plugins for Editor in 0.00 ms.
Unloading 1107 Unused Serialized files (Serialized files now loaded: 0)
System memory in use before: 63.6 MB.
System memory in use after: 63.7 MB.

Unloading 4 unused Assets to reduce memory usage. Loaded Objects now: 1660.
Total: 5.243400 ms (FindLiveObjects: 0.393000 ms CreateObjectMapping: 0.195800 ms MarkObjects: 4.619400 ms  DeleteObjects: 0.032400 ms)

========================================================================
Received Prepare
Registering precompiled user dll's ...
Registered in 0.192879 seconds.
Begin MonoManager ReloadAssembly
Native extension for WindowsStandalone target not found
Native extension for WebGL target not found
Refreshing native plugins compatible for Editor in 1.32 ms, found 0 plugins.
Preloading 0 native plugins for Editor in 0.00 ms.
Invoked RoslynAnalysisRunner static constructor.
RoslynAnalysisRunner will not be running.
RoslynAnalysisRunner has terminated.
Mono: successfully reloaded assembly
- Completed reload, in 70.606 seconds
Platform modules already initialized, skipping
Refreshing native plugins compatible for Editor in 11.21 ms, found 0 plugins.
Preloading 0 native plugins for Editor in 0.00 ms.
Unloading 1107 Unused Serialized files (Serialized files now loaded: 0)
System memory in use before: 63.2 MB.
System memory in use after: 63.3 MB.

Unloading 4 unused Assets to reduce memory usage. Loaded Objects now: 1662.
Total: 12.703400 ms (FindLiveObjects: 0.503500 ms CreateObjectMapping: 0.147000 ms MarkObjects: 11.911000 ms  DeleteObjects: 0.136600 ms)

========================================================================
Received Prepare
Registering precompiled user dll's ...
Registered in 0.005221 seconds.
Begin MonoManager ReloadAssembly
Native extension for WindowsStandalone target not found
Native extension for WebGL target not found
Refreshing native plugins compatible for Editor in 0.53 ms, found 0 plugins.
Preloading 0 native plugins for Editor in 0.00 ms.
Invoked RoslynAnalysisRunner static constructor.
RoslynAnalysisRunner will not be running.
RoslynAnalysisRunner has terminated.
Mono: successfully reloaded assembly
- Completed reload, in  3.894 seconds
Platform modules already initialized, skipping
Refreshing native plugins compatible for Editor in 0.45 ms, found 0 plugins.
Preloading 0 native plugins for Editor in 0.00 ms.
Unloading 1107 Unused Serialized files (Serialized files now loaded: 0)
System memory in use before: 63.5 MB.
System memory in use after: 63.6 MB.

Unloading 4 unused Assets to reduce memory usage. Loaded Objects now: 1664.
Total: 2.334700 ms (FindLiveObjects: 0.208400 ms CreateObjectMapping: 0.094900 ms MarkObjects: 2.003500 ms  DeleteObjects: 0.025800 ms)

========================================================================
Received Prepare
Registering precompiled user dll's ...
Registered in 0.002071 seconds.
Begin MonoManager ReloadAssembly
Native extension for WindowsStandalone target not found
Native extension for WebGL target not found
Refreshing native plugins compatible for Editor in 0.31 ms, found 0 plugins.
Preloading 0 native plugins for Editor in 0.00 ms.
Invoked RoslynAnalysisRunner static constructor.
RoslynAnalysisRunner will not be running.
RoslynAnalysisRunner has terminated.
Mono: successfully reloaded assembly
- Completed reload, in  1.322 seconds
Platform modules already initialized, skipping
Refreshing native plugins compatible for Editor in 0.51 ms, found 0 plugins.
Preloading 0 native plugins for Editor in 0.00 ms.
Unloading 1107 Unused Serialized files (Serialized files now loaded: 0)
System memory in use before: 63.6 MB.
System memory in use after: 63.7 MB.

Unloading 4 unused Assets to reduce memory usage. Loaded Objects now: 1666.
Total: 2.241100 ms (FindLiveObjects: 0.170400 ms CreateObjectMapping: 0.057000 ms MarkObjects: 1.989400 ms  DeleteObjects: 0.022700 ms)

========================================================================
Received Prepare
Registering precompiled user dll's ...
Registered in 0.001560 seconds.
Begin MonoManager ReloadAssembly
Native extension for WindowsStandalone target not found
Native extension for WebGL target not found
Refreshing native plugins compatible for Editor in 0.29 ms, found 0 plugins.
Preloading 0 native plugins for Editor in 0.00 ms.
Invoked RoslynAnalysisRunner static constructor.
RoslynAnalysisRunner will not be running.
RoslynAnalysisRunner has terminated.
Mono: successfully reloaded assembly
- Completed reload, in  1.127 seconds
Platform modules already initialized, skipping
Refreshing native plugins compatible for Editor in 0.49 ms, found 0 plugins.
Preloading 0 native plugins for Editor in 0.00 ms.
Unloading 1107 Unused Serialized files (Serialized files now loaded: 0)
System memory in use before: 63.3 MB.
System memory in use after: 63.4 MB.

Unloading 4 unused Assets to reduce memory usage. Loaded Objects now: 1668.
Total: 2.028200 ms (FindLiveObjects: 0.166600 ms CreateObjectMapping: 0.071600 ms MarkObjects: 1.767100 ms  DeleteObjects: 0.021100 ms)

========================================================================
Received Prepare
Registering precompiled user dll's ...
Registered in 0.001642 seconds.
Begin MonoManager ReloadAssembly
Native extension for WindowsStandalone target not found
Native extension for WebGL target not found
Refreshing native plugins compatible for Editor in 0.34 ms, found 0 plugins.
Preloading 0 native plugins for Editor in 0.00 ms.
Invoked RoslynAnalysisRunner static constructor.
RoslynAnalysisRunner will not be running.
RoslynAnalysisRunner has terminated.
Mono: successfully reloaded assembly
- Completed reload, in  1.397 seconds
Platform modules already initialized, skipping
Refreshing native plugins compatible for Editor in 0.54 ms, found 0 plugins.
Preloading 0 native plugins for Editor in 0.00 ms.
Unloading 1107 Unused Serialized files (Serialized files now loaded: 0)
System memory in use before: 63.6 MB.
System memory in use after: 63.7 MB.

Unloading 4 unused Assets to reduce memory usage. Loaded Objects now: 1670.
Total: 3.646800 ms (FindLiveObjects: 0.353900 ms CreateObjectMapping: 0.152800 ms MarkObjects: 3.110300 ms  DeleteObjects: 0.027600 ms)

========================================================================
Received Prepare
Registering precompiled user dll's ...
Registered in 2.799181 seconds.
Begin MonoManager ReloadAssembly
Native extension for WindowsStandalone target not found
Native extension for WebGL target not found
Refreshing native plugins compatible for Editor in 0.32 ms, found 0 plugins.
Preloading 0 native plugins for Editor in 0.00 ms.
Invoked RoslynAnalysisRunner static constructor.
RoslynAnalysisRunner will not be running.
RoslynAnalysisRunner has terminated.
Mono: successfully reloaded assembly
- Completed reload, in 33.640 seconds
Platform modules already initialized, skipping
Refreshing native plugins compatible for Editor in 0.69 ms, found 0 plugins.
Preloading 0 native plugins for Editor in 0.00 ms.
Unloading 1107 Unused Serialized files (Serialized files now loaded: 0)
System memory in use before: 63.1 MB.
System memory in use after: 63.2 MB.

Unloading 4 unused Assets to reduce memory usage. Loaded Objects now: 1672.
Total: 4.933100 ms (FindLiveObjects: 0.280600 ms CreateObjectMapping: 0.083500 ms MarkObjects: 4.534500 ms  DeleteObjects: 0.031300 ms)

========================================================================
Received Prepare
Registering precompiled user dll's ...
Registered in 0.002519 seconds.
Begin MonoManager ReloadAssembly
Native extension for WindowsStandalone target not found
Native extension for WebGL target not found
Refreshing native plugins compatible for Editor in 1.34 ms, found 0 plugins.
Preloading 0 native plugins for Editor in 0.00 ms.
Invoked RoslynAnalysisRunner static constructor.
RoslynAnalysisRunner will not be running.
RoslynAnalysisRunner has terminated.
Mono: successfully reloaded assembly
- Completed reload, in  6.867 seconds
Platform modules already initialized, skipping
Refreshing native plugins compatible for Editor in 0.55 ms, found 0 plugins.
Preloading 0 native plugins for Editor in 0.00 ms.
Unloading 1107 Unused Serialized files (Serialized files now loaded: 0)
System memory in use before: 63.5 MB.
System memory in use after: 63.6 MB.

Unloading 4 unused Assets to reduce memory usage. Loaded Objects now: 1674.
Total: 4.177000 ms (FindLiveObjects: 0.432900 ms CreateObjectMapping: 0.182200 ms MarkObjects: 3.526200 ms  DeleteObjects: 0.031200 ms)

========================================================================
Received Prepare
Registering precompiled user dll's ...
Registered in 0.002482 seconds.
Begin MonoManager ReloadAssembly
Native extension for WindowsStandalone target not found
Native extension for WebGL target not found
Refreshing native plugins compatible for Editor in 0.55 ms, found 0 plugins.
Preloading 0 native plugins for Editor in 0.00 ms.
Invoked RoslynAnalysisRunner static constructor.
RoslynAnalysisRunner will not be running.
RoslynAnalysisRunner has terminated.
Mono: successfully reloaded assembly
- Completed reload, in  2.974 seconds
Platform modules already initialized, skipping
Refreshing native plugins compatible for Editor in 0.53 ms, found 0 plugins.
Preloading 0 native plugins for Editor in 0.00 ms.
Unloading 1107 Unused Serialized files (Serialized files now loaded: 0)
System memory in use before: 63.6 MB.
System memory in use after: 63.7 MB.

Unloading 4 unused Assets to reduce memory usage. Loaded Objects now: 1676.
Total: 4.890100 ms (FindLiveObjects: 0.500900 ms CreateObjectMapping: 0.184400 ms MarkObjects: 4.162900 ms  DeleteObjects: 0.038100 ms)

========================================================================
Received Prepare
Registering precompiled user dll's ...
Registered in 0.002421 seconds.
Begin MonoManager ReloadAssembly
Native extension for WindowsStandalone target not found
Native extension for WebGL target not found
Refreshing native plugins compatible for Editor in 0.48 ms, found 0 plugins.
Preloading 0 native plugins for Editor in 0.00 ms.
Invoked RoslynAnalysisRunner static constructor.
RoslynAnalysisRunner will not be running.
RoslynAnalysisRunner has terminated.
Mono: successfully reloaded assembly
- Completed reload, in  2.040 seconds
Platform modules already initialized, skipping
Refreshing native plugins compatible for Editor in 1.32 ms, found 0 plugins.
Preloading 0 native plugins for Editor in 0.00 ms.
Unloading 1107 Unused Serialized files (Serialized files now loaded: 0)
System memory in use before: 63.2 MB.
System memory in use after: 63.3 MB.

Unloading 4 unused Assets to reduce memory usage. Loaded Objects now: 1678.
Total: 3.466300 ms (FindLiveObjects: 0.243400 ms CreateObjectMapping: 0.078500 ms MarkObjects: 3.109800 ms  DeleteObjects: 0.031400 ms)

========================================================================
Received Prepare
Registering precompiled user dll's ...
Registered in 0.002739 seconds.
Begin MonoManager ReloadAssembly
Native extension for WindowsStandalone target not found
Native extension for WebGL target not found
Refreshing native plugins compatible for Editor in 0.55 ms, found 0 plugins.
Preloading 0 native plugins for Editor in 0.00 ms.
Invoked RoslynAnalysisRunner static constructor.
RoslynAnalysisRunner will not be running.
RoslynAnalysisRunner has terminated.
Mono: successfully reloaded assembly
- Completed reload, in  2.485 seconds
Platform modules already initialized, skipping
Refreshing native plugins compatible for Editor in 0.73 ms, found 0 plugins.
Preloading 0 native plugins for Editor in 0.00 ms.
Unloading 1107 Unused Serialized files (Serialized files now loaded: 0)
System memory in use before: 63.6 MB.
System memory in use after: 63.7 MB.

Unloading 4 unused Assets to reduce memory usage. Loaded Objects now: 1680.
Total: 11.471900 ms (FindLiveObjects: 0.558700 ms CreateObjectMapping: 0.279600 ms MarkObjects: 10.461200 ms  DeleteObjects: 0.167100 ms)

========================================================================
Received Prepare
Registering precompiled user dll's ...
Registered in 0.001669 seconds.
Begin MonoManager ReloadAssembly
Native extension for WindowsStandalone target not found
Native extension for WebGL target not found
Refreshing native plugins compatible for Editor in 0.34 ms, found 0 plugins.
Preloading 0 native plugins for Editor in 0.00 ms.
Invoked RoslynAnalysisRunner static constructor.
RoslynAnalysisRunner will not be running.
RoslynAnalysisRunner has terminated.
Mono: successfully reloaded assembly
- Completed reload, in  1.174 seconds
Platform modules already initialized, skipping
Refreshing native plugins compatible for Editor in 0.62 ms, found 0 plugins.
Preloading 0 native plugins for Editor in 0.00 ms.
Unloading 1107 Unused Serialized files (Serialized files now loaded: 0)
System memory in use before: 63.6 MB.
System memory in use after: 63.7 MB.

Unloading 4 unused Assets to reduce memory usage. Loaded Objects now: 1682.
Total: 2.803100 ms (FindLiveObjects: 0.257500 ms CreateObjectMapping: 0.098500 ms MarkObjects: 2.422600 ms  DeleteObjects: 0.022700 ms)

========================================================================
Received Prepare
Refreshing native plugins compatible for Editor in 3.62 ms, found 0 plugins.
Preloading 0 native plugins for Editor in 0.00 ms.
Unloading 2 Unused Serialized files (Serialized files now loaded: 0)
System memory in use before: 41.5 MB.
System memory in use after: 41.6 MB.

Unloading 2 unused Assets to reduce memory usage. Loaded Objects now: 1682.
Total: 7.476900 ms (FindLiveObjects: 0.559100 ms CreateObjectMapping: 0.165100 ms MarkObjects: 6.718800 ms  DeleteObjects: 0.031500 ms)

AssetImportWorkerClient::OnTransportError - code=2 error=End of file
